Build started 11/22/2018 1:42:23 PM.
     1>Project "C:\Users\thecarisma\Documents\SIMPLE_GITHUB\simple\modules\dynamic_modules\fulltick\fulltick\fulltick.vcxproj" on node 2 (Build target(s)).
     1>ClCompile:
         C:\Program Files (x86)\Microsoft Visual Studio 11.0\VC\bin\CL.exe /c /Zi /nologo /W3 /WX- /O2 /Oi /Oy- /GL /D WIN32 /D NDEBUG /D _WINDOWS /D _USRDLL /D FULLTICK_EXPORTS /D _WINDLL /D _UNICODE /D UNICODE /Gm- /EHsc /MD /GS /Gy /fp:precise /Zc:wchar_t /Zc:forScope /Yu"stdafx.h" /Fp"Release\fulltick.pch" /Fo"Release\\" /Fd"Release\vc110.pdb" /Gd /TP /analyze- /errorReport:prompt ..\fulltick.cpp
         fulltick.cpp
     1>..\fulltick.cpp(164): warning C4005: 'SIMPLE_API' : macro redefinition
                 ..\fulltick.cpp(159) : see previous definition of 'SIMPLE_API'
     1>..\fulltick.cpp(167): warning C4005: 'SIMPLE_API' : macro redefinition
                 ..\fulltick.cpp(164) : see previous definition of 'SIMPLE_API'
     1>..\fulltick.cpp(170): warning C4005: 'SIMPLE_API' : macro redefinition
                 ..\fulltick.cpp(167) : see previous definition of 'SIMPLE_API'
     1>..\fulltick.cpp(30373): fatal error C1010: unexpected end of file while looking for precompiled header. Did you forget to add '#include "stdafx.h"' to your source?
     1>Done Building Project "C:\Users\thecarisma\Documents\SIMPLE_GITHUB\simple\modules\dynamic_modules\fulltick\fulltick\fulltick.vcxproj" (Build target(s)) -- FAILED.

Build FAILED.

Time Elapsed 00:00:01.79
