Build started 3/2/2019 1:55:03 AM.
     1>Project "C:\Users\thecarisma\Documents\SIMPLE_GITHUB\simple\modules\dynamic_modules\fulltick\fulltick\fulltick.vcxproj" on node 4 (Build target(s)).
     1>ClCompile:
         C:\Program Files (x86)\Microsoft Visual Studio 11.0\VC\bin\x86_amd64\CL.exe /c /I"C:\Users\thecarisma\Downloads\fltk-1.3.4-2-source\fltk-1.3.4-2\ide\VisualC2010\/../../" /I"C:\Users\thecarisma\Downloads\fltk-1.3.4-2-source\fltk-1.3.4-2\ide\VisualC2010\/../../png/" /ZI /nologo /W3 /WX- /O2 /D WIN32 /D _DEBUG /D _WINDOWS /D _USRDLL /D FULLTICK_EXPORTS /D _WINDLL /D _UNICODE /D UNICODE /D ",WIN32" /Gm- /EHsc /MD /GS /fp:precise /Zc:wchar_t /Zc:forScope /Fo"x64\Debug\\" /Fd"x64\Debug\vc110.pdb" /Gd /TP /errorReport:prompt ..\fulltick.cpp
     1>cl : Command line warning D9038: /ZI is not supported on this platform; enabling /Zi instead
         fulltick.cpp
     1>C:\Users\thecarisma\Downloads\fltk-1.3.4-2-source\fltk-1.3.4-2\ide\VisualC2010\/../../FL/Fl_Spinner.H(106): warning C4996: 'sprintf': This function or variable may be unsafe. Consider using sprintf_s instead. To disable deprecation, use _CRT_SECURE_NO_WARNINGS. See online help for details.
                 C:\Program Files (x86)\Microsoft Visual Studio 11.0\VC\include\stdio.h(357) : see declaration of 'sprintf'
     1>C:\Users\thecarisma\Downloads\fltk-1.3.4-2-source\fltk-1.3.4-2\ide\VisualC2010\/../../FL/Fl_Spinner.H(111): warning C4996: 'sprintf': This function or variable may be unsafe. Consider using sprintf_s instead. To disable deprecation, use _CRT_SECURE_NO_WARNINGS. See online help for details.
                 C:\Program Files (x86)\Microsoft Visual Studio 11.0\VC\include\stdio.h(357) : see declaration of 'sprintf'
     1>C:\Users\thecarisma\Downloads\fltk-1.3.4-2-source\fltk-1.3.4-2\ide\VisualC2010\/../../FL/Fl_Spinner.H(113): warning C4996: 'sprintf': This function or variable may be unsafe. Consider using sprintf_s instead. To disable deprecation, use _CRT_SECURE_NO_WARNINGS. See online help for details.
                 C:\Program Files (x86)\Microsoft Visual Studio 11.0\VC\include\stdio.h(357) : see declaration of 'sprintf'
     1>..\fulltick.cpp(1698): warning C4800: 'int' : forcing value to bool 'true' or 'false' (performance warning)
     1>..\fulltick.cpp(6610): warning C4067: unexpected tokens following preprocessor directive - expected a newline
     1>..\fulltick.cpp(11296): warning C4244: 'argument' : conversion from 'const size_t' to 'double', possible loss of data
     1>..\fulltick.cpp(12203): warning C4244: 'argument' : conversion from 'size_t' to 'double', possible loss of data
     1>..\fulltick.cpp(12207): warning C4067: unexpected tokens following preprocessor directive - expected a newline
     1>..\fulltick.cpp(16606): warning C4067: unexpected tokens following preprocessor directive - expected a newline
     1>..\fulltick.cpp(17549): warning C4800: 'int' : forcing value to bool 'true' or 'false' (performance warning)
     1>..\fulltick.cpp(18585): warning C4067: unexpected tokens following preprocessor directive - expected a newline
     1>..\fulltick.cpp(18832): warning C4800: 'int' : forcing value to bool 'true' or 'false' (performance warning)
     1>..\fulltick.cpp(18860): warning C4800: 'int' : forcing value to bool 'true' or 'false' (performance warning)
     1>..\fulltick.cpp(18877): warning C4800: 'int' : forcing value to bool 'true' or 'false' (performance warning)
     1>..\fulltick.cpp(21136): warning C4800: 'int' : forcing value to bool 'true' or 'false' (performance warning)
     1>..\fulltick.cpp(21463): warning C4800: 'int' : forcing value to bool 'true' or 'false' (performance warning)
     1>..\fulltick.cpp(26482): warning C4800: 'int' : forcing value to bool 'true' or 'false' (performance warning)
     1>..\fulltick.cpp(28552): warning C4067: unexpected tokens following preprocessor directive - expected a newline
     1>..\fulltick.cpp(29064): warning C4067: unexpected tokens following preprocessor directive - expected a newline
     1>..\fulltick.cpp(29484): warning C4067: unexpected tokens following preprocessor directive - expected a newline
     1>C:\Program Files (x86)\MSBuild\Microsoft.Cpp\v4.0\V110\Microsoft.CppBuild.targets(1137,5): warning MSB8012: TargetPath(C:\Users\thecarisma\Downloads\fltk-1.3.4-2-source\fltk-1.3.4-2\ide\VisualC2010\x64\Debug\fulltick.dll) does not match the Linker's OutputFile property value (C:\Users\thecarisma\Documents\SIMPLE_GITHUB\simple\modules\dynamic_modules\fulltick\dist\libfulltick64.dll). This may cause your project to build incorrectly. To correct this, please make sure that $(OutDir), $(TargetName) and $(TargetExt) property values match the value specified in %(Link.OutputFile).
     1>C:\Program Files (x86)\MSBuild\Microsoft.Cpp\v4.0\V110\Microsoft.CppBuild.targets(1139,5): warning MSB8012: TargetName(fulltick) does not match the Linker's OutputFile property value (libfulltick64). This may cause your project to build incorrectly. To correct this, please make sure that $(OutDir), $(TargetName) and $(TargetExt) property values match the value specified in %(Link.OutputFile).
       Link:
         C:\Program Files (x86)\Microsoft Visual Studio 11.0\VC\bin\x86_amd64\link.exe /ERRORREPORT:PROMPT /OUT:"C:\Users\thecarisma\Documents\SIMPLE_GITHUB\simple\modules\dynamic_modules\fulltick\fulltick\../dist/libfulltick64.dll" /INCREMENTAL /NOLOGO /LIBPATH:./ kernel32.lib user32.lib gdi32.lib winspool.lib comdlg32.lib advapi32.lib shell32.lib ole32.lib oleaut32.lib uuid.lib odbc32.lib odbccp32.lib /MANIFEST /MANIFESTUAC:"level='asInvoker' uiAccess='false'" /manifest:embed /PDB:"C:\Users\thecarisma\Downloads\fltk-1.3.4-2-source\fltk-1.3.4-2\ide\VisualC2010\x64\Debug\fulltick.pdb" /TLBID:1 /DYNAMICBASE /NXCOMPAT /IMPLIB:"C:\Users\thecarisma\Downloads\fltk-1.3.4-2-source\fltk-1.3.4-2\ide\VisualC2010\x64\Debug\fulltick.lib" /MACHINE:X64 /DLL x64\Debug\fulltick.obj
         "C:\Users\thecarisma\Downloads\fltk-1.3.4-2-source\fltk-1.3.4-2\lib\fltkd.lib"
         "C:\Users\thecarisma\Downloads\fltk-1.3.4-2-source\fltk-1.3.4-2\lib\fltkformsd.lib"
         "C:\Users\thecarisma\Downloads\fltk-1.3.4-2-source\fltk-1.3.4-2\lib\fltkimagesd.lib"
         "C:\Users\thecarisma\Downloads\fltk-1.3.4-2-source\fltk-1.3.4-2\lib\fltkjpegd.lib"
         "C:\Users\thecarisma\Downloads\fltk-1.3.4-2-source\fltk-1.3.4-2\lib\fltkpngd.lib"
         "C:\Users\thecarisma\Downloads\fltk-1.3.4-2-source\fltk-1.3.4-2\lib\fltkzlibd.lib"
     1>LINK : fatal error LNK1104: cannot open file 'C:\Users\thecarisma\Downloads\fltk-1.3.4-2-source\fltk-1.3.4-2\lib\fltkformsd.lib'
     1>Done Building Project "C:\Users\thecarisma\Documents\SIMPLE_GITHUB\simple\modules\dynamic_modules\fulltick\fulltick\fulltick.vcxproj" (Build target(s)) -- FAILED.

Build FAILED.

Time Elapsed 00:00:13.71
